<?xml version="1.0" encoding="UTF-8"?>
<!-- Generated by org.testng.reporters.JUnitReportReporter -->
<testsuite hostname="B30614D" name="studentApiTest.GetAPITests" tests="1" failures="0" timestamp="4 Jun 2020 13:28:46 GMT" time="4.809" errors="0">
  <testcase name="getAPITest" time="4.809" classname="studentApiTest.GetAPITests"/>
</testsuite> <!-- studentApiTest.GetAPITests -->
