<?xml version="1.0" encoding="UTF-8"?>
<!-- Generated by org.testng.reporters.JUnitReportReporter -->
<testsuite hostname="B30614D" name="com.qa.psa.test.GetAPITests" tests="1" failures="0" timestamp="4 Jun 2020 15:01:48 GMT" time="3.604" errors="0">
  <testcase name="getAPITest" time="3.604" classname="com.qa.psa.test.GetAPITests"/>
</testsuite> <!-- com.qa.psa.test.GetAPITests -->
