<?xml version="1.0" encoding="UTF-8"?>
<!-- Generated by org.testng.reporters.JUnitReportReporter -->
<testsuite hostname="B30614D" name="com.qa.psa.test.GetAPIDemo" tests="3" failures="0" timestamp="22 Jun 2020 17:00:13 GMT" time="4.955" errors="0">
  <testcase name="TC001" time="3.751" classname="com.qa.psa.test.GetAPIDemo"/>
  <testcase name="TC003" time="0.720" classname="com.qa.psa.test.GetAPIDemo"/>
  <testcase name="TC002" time="0.484" classname="com.qa.psa.test.GetAPIDemo"/>
</testsuite> <!-- com.qa.psa.test.GetAPIDemo -->
